<?xml version="1.0" encoding="UTF-8"?>
<!-- Generated by org.testng.reporters.JUnitXMLReporter -->
<testsuite ignored="0" hostname="DESKTOP-79ELLB3" failures="1" tests="1" name="Test(failed)" time="24.954" errors="0" timestamp="2024-05-08T06:49:38 GMT-07:00">
  <testcase classname="testCases.Tc_1_AccountRegistration" name="implement" time="4.316">
    <failure type="java.lang.AssertionError" message="expected [Your Account Has Been Created!!!!] but found [Your Account Has Been Created!]">
      <![CDATA[java.lang.AssertionError: expected [Your Account Has Been Created!!!!] but found [Your Account Has Been Created!]
at testCases.Tc_1_AccountRegistration.implement(Tc_1_AccountRegistration.java:39)
at java.base/java.util.ArrayList.forEach(ArrayList.java:1597)
... Removed 31 stack frames]]>
    </failure>
  </testcase> <!-- implement -->
</testsuite> <!-- Test(failed) -->
