<?xml version="1.0" encoding="UTF-8"?>
<testng-results ignored="0" total="2" passed="2" failed="0" skipped="0">
  <reporter-output>
  </reporter-output>
  <suite started-at="2024-05-08T07:53:44 GMT-07:00" name="Suite" finished-at="2024-05-08T07:54:01 GMT-07:00" duration-ms="16812">
    <groups>
      <group name="regression">
        <method signature="tc_2_Loginpage.loginn()[pri:0, instance:testCases.tc_2_Loginpage@4f83df68]" name="loginn" class="testCases.tc_2_Loginpage"/>
      </group> <!-- regression -->
      <group name="sanity">
        <method signature="Tc_1_AccountRegistration.implement()[pri:0, instance:testCases.Tc_1_AccountRegistration@67c27493]" name="implement" class="testCases.Tc_1_AccountRegistration"/>
      </group> <!-- sanity -->
    </groups>
    <test started-at="2024-05-08T07:53:44 GMT-07:00" name="Test" finished-at="2024-05-08T07:54:01 GMT-07:00" duration-ms="16812">
      <class name="testCases.Tc_1_AccountRegistration">
        <test-method is-config="true" signature="setup(java.lang.String,java.lang.String)[pri:0, instance:testCases.Tc_1_AccountRegistration@67c27493]" started-at="2024-05-08T07:53:44 GMT-07:00" name="setup" finished-at="2024-05-08T07:53:51 GMT-07:00" duration-ms="6766" status="PASS">
          <params>
            <param index="0">
              <value>
                <![CDATA[chrome]]>
              </value>
            </param>
            <param index="1">
              <value>
                <![CDATA[windows]]>
              </value>
            </param>
          </params>
          <reporter-output>
          </reporter-output>
        </test-method> <!-- setup -->
        <test-method signature="implement()[pri:0, instance:testCases.Tc_1_AccountRegistration@67c27493]" started-at="2024-05-08T07:53:51 GMT-07:00" name="implement" finished-at="2024-05-08T07:53:54 GMT-07:00" duration-ms="2407" status="PASS">
          <reporter-output>
          </reporter-output>
        </test-method> <!-- implement -->
        <test-method is-config="true" signature="afterClass()[pri:0, instance:testCases.Tc_1_AccountRegistration@67c27493]" started-at="2024-05-08T07:53:54 GMT-07:00" name="afterClass" finished-at="2024-05-08T07:53:54 GMT-07:00" duration-ms="208" status="PASS">
          <reporter-output>
          </reporter-output>
        </test-method> <!-- afterClass -->
      </class> <!-- testCases.Tc_1_AccountRegistration -->
      <class name="testCases.tc_2_Loginpage">
        <test-method is-config="true" signature="setup(java.lang.String,java.lang.String)[pri:0, instance:testCases.tc_2_Loginpage@4f83df68]" started-at="2024-05-08T07:53:54 GMT-07:00" name="setup" finished-at="2024-05-08T07:53:57 GMT-07:00" duration-ms="3363" status="PASS">
          <params>
            <param index="0">
              <value>
                <![CDATA[chrome]]>
              </value>
            </param>
            <param index="1">
              <value>
                <![CDATA[windows]]>
              </value>
            </param>
          </params>
          <reporter-output>
          </reporter-output>
        </test-method> <!-- setup -->
        <test-method signature="loginn()[pri:0, instance:testCases.tc_2_Loginpage@4f83df68]" started-at="2024-05-08T07:53:57 GMT-07:00" name="loginn" finished-at="2024-05-08T07:53:59 GMT-07:00" duration-ms="2207" status="PASS">
          <reporter-output>
          </reporter-output>
        </test-method> <!-- loginn -->
        <test-method is-config="true" signature="afterClass()[pri:0, instance:testCases.tc_2_Loginpage@4f83df68]" started-at="2024-05-08T07:53:59 GMT-07:00" name="afterClass" finished-at="2024-05-08T07:54:01 GMT-07:00" duration-ms="1301" status="PASS">
          <reporter-output>
          </reporter-output>
        </test-method> <!-- afterClass -->
      </class> <!-- testCases.tc_2_Loginpage -->
    </test> <!-- Test -->
  </suite> <!-- Suite -->
</testng-results>
